<?xml version="1.0" encoding="UTF-8"?>
<!-- Generated by org.testng.reporters.JUnitReportReporter -->
<testsuite hostname="Sohail" failures="0" tests="1" name="datadriventesting.SampleTest" time="0.000" errors="0" timestamp="2023-07-07T06:55:57 IST" skipped="0">
  <testcase classname="datadriventesting.SampleTest" name="demoTest" time="0.000"/>
  <system-out>
    <![CDATA[welcome]]>
  </system-out>
</testsuite> <!-- datadriventesting.SampleTest -->
