<?xml version="1.0" encoding="UTF-8"?>
<!-- Generated by org.testng.reporters.JUnitReportReporter -->
<testsuite hostname="Sohail" failures="0" tests="1" name="datadriventesting.LoginToActitime" time="24.806" errors="0" timestamp="2023-07-07T06:55:57 IST" skipped="0">
  <testcase classname="datadriventesting.LoginToActitime" name="loginToActiTimeTest" time="24.806"/>
  <system-out/>
</testsuite> <!-- datadriventesting.LoginToActitime -->
