<?xml version="1.0" encoding="UTF-8"?>
<!-- Generated by org.testng.reporters.JUnitReportReporter -->
<testsuite hostname="Sohail" failures="0" tests="1" name="testng.DemoAssertion" time="4.623" errors="0" timestamp="2023-07-07T22:52:03 IST" skipped="0">
  <testcase classname="testng.DemoAssertion" name="verifyTitle" time="4.623"/>
  <system-out/>
</testsuite> <!-- testng.DemoAssertion -->
