<?xml version="1.0" encoding="UTF-8"?>
<!-- Generated by org.testng.reporters.JUnitReportReporter -->
<testsuite hostname="Sohail" failures="0" tests="1" name="SampleTest" time="0.012" errors="0" timestamp="2023-07-07T06:45:31 IST" skipped="0">
  <testcase classname="SampleTest" name="demoTest" time="0.012"/>
  <system-out>
    <![CDATA[welcome]]>
  </system-out>
</testsuite> <!-- SampleTest -->
