<?xml version="1.0" encoding="UTF-8"?>
<!-- Generated by org.testng.reporters.JUnitReportReporter -->
<testsuite hostname="Sohail" failures="0" tests="1" name="pageobjectmodel.SauceTest" time="1.952" errors="0" timestamp="2023-07-14T22:59:24 IST" skipped="0">
  <testcase classname="pageobjectmodel.SauceTest" name="saucetest" time="1.952"/>
  <system-out/>
</testsuite> <!-- pageobjectmodel.SauceTest -->
