<?xml version="1.0" encoding="UTF-8"?>
<!-- Generated by org.testng.reporters.JUnitReportReporter -->
<testsuite hostname="Sohail" failures="0" tests="1" name="pageobjectmodel.LoginPage" time="7.797" errors="0" timestamp="2023-07-19T23:07:31 IST" skipped="0">
  <testcase classname="pageobjectmodel.LoginPage" name="login" time="7.797"/>
  <system-out/>
</testsuite> <!-- pageobjectmodel.LoginPage -->
