<?xml version="1.0" encoding="UTF-8"?>
<!-- Generated by org.testng.reporters.JUnitReportReporter -->
<testsuite hostname="Sohail" failures="0" tests="1" name="com.actitime.testscript.CustomerModule" time="21.833" errors="0" timestamp="2023-08-24T08:24:28 IST" skipped="0">
  <testcase classname="com.actitime.testscript.CustomerModule" name="testCreateCustomer" time="21.833"/>
  <system-out>
    <![CDATA[Create Customee]]>
  </system-out>
</testsuite> <!-- com.actitime.testscript.CustomerModule -->
